<?xml version="1.0" encoding="UTF-8"?>
<!-- Generated by org.testng.reporters.JUnitReportReporter -->
<testsuite hostname="Jesuwin" failures="0" tests="13" name="testcases.TestCaseOne" time="54.974" errors="0" timestamp="17 Apr 2020 03:46:59 GMT" skipped="0">
  <testcase classname="testcases.TestCaseOne" name="newEmployeeTest" time="3.964"/>
  <testcase classname="testcases.TestCaseOne" name="leaveReportPageTest" time="5.172"/>
  <testcase classname="testcases.TestCaseOne" name="getTimeSheetForEmp" time="0.198"/>
  <testcase classname="testcases.TestCaseOne" name="DashBoardTest" time="2.732"/>
  <testcase classname="testcases.TestCaseOne" name="navigateToTimeSheetPage" time="1.435"/>
  <testcase classname="testcases.TestCaseOne" name="assignPageTest" time="11.526"/>
  <testcase classname="testcases.TestCaseOne" name="directoryPageTest" time="11.487"/>
  <testcase classname="testcases.TestCaseOne" name="goToPIMModule" time="1.398"/>
  <testcase classname="testcases.TestCaseOne" name="maintenancePageTest" time="3.104"/>
  <testcase classname="testcases.TestCaseOne" name="PimPageTest" time="3.416"/>
  <testcase classname="testcases.TestCaseOne" name="navigateToLeaveReportsPage" time="1.333"/>
  <testcase classname="testcases.TestCaseOne" name="goToPurgeRecords" time="1.174"/>
  <testcase classname="testcases.TestCaseOne" name="loginPageTest" time="8.035"/>
</testsuite> <!-- testcases.TestCaseOne -->
