<?xml version="1.0" encoding="UTF-8"?>
<!-- Generated by org.testng.reporters.JUnitReportReporter -->
<testsuite hostname="Jesuwin" failures="0" tests="7" name="testcases.TestCaseOne" time="35.526" errors="0" timestamp="16 Apr 2020 10:46:24 GMT" skipped="0">
  <testcase classname="testcases.TestCaseOne" name="PimPageTest" time="4.426"/>
  <testcase classname="testcases.TestCaseOne" name="DashBoardTest" time="2.774"/>
  <testcase classname="testcases.TestCaseOne" name="loginPageTest" time="6.689"/>
  <testcase classname="testcases.TestCaseOne" name="maintenancePageTest" time="3.293"/>
  <testcase classname="testcases.TestCaseOne" name="newEmployeeTest" time="6.773"/>
  <testcase classname="testcases.TestCaseOne" name="assignPageTest" time="9.149"/>
  <testcase classname="testcases.TestCaseOne" name="directoryPageTest" time="2.422"/>
</testsuite> <!-- testcases.TestCaseOne -->
