<?xml version="1.0" encoding="UTF-8"?>
<!-- Generated by org.testng.reporters.JUnitReportReporter -->
<testsuite hostname="Jesuwin" failures="0" tests="7" name="testcases.TestCaseOne" time="37.285" errors="0" timestamp="16 Apr 2020 10:56:50 GMT" skipped="0">
  <testcase classname="testcases.TestCaseOne" name="DashBoardTest" time="2.778"/>
  <testcase classname="testcases.TestCaseOne" name="PimPageTest" time="3.979"/>
  <testcase classname="testcases.TestCaseOne" name="maintenancePageTest" time="3.467"/>
  <testcase classname="testcases.TestCaseOne" name="directoryPageTest" time="2.628"/>
  <testcase classname="testcases.TestCaseOne" name="newEmployeeTest" time="3.327"/>
  <testcase classname="testcases.TestCaseOne" name="loginPageTest" time="6.736"/>
  <testcase classname="testcases.TestCaseOne" name="assignPageTest" time="14.370"/>
</testsuite> <!-- testcases.TestCaseOne -->
