<?xml version="1.0" encoding="UTF-8"?>
<!-- Generated by org.testng.reporters.JUnitReportReporter -->
<testsuite hostname="Jesuwin" failures="0" tests="7" name="testcases.TestCaseOne" time="34.487" errors="0" timestamp="16 Apr 2020 10:43:17 GMT" skipped="0">
  <testcase classname="testcases.TestCaseOne" name="PimPageTest" time="4.422"/>
  <testcase classname="testcases.TestCaseOne" name="maintenancePageTest" time="2.705"/>
  <testcase classname="testcases.TestCaseOne" name="directoryPageTest" time="2.342"/>
  <testcase classname="testcases.TestCaseOne" name="DashBoardTest" time="2.537"/>
  <testcase classname="testcases.TestCaseOne" name="newEmployeeTest" time="3.322"/>
  <testcase classname="testcases.TestCaseOne" name="assignPageTest" time="12.456"/>
  <testcase classname="testcases.TestCaseOne" name="loginPageTest" time="6.703"/>
</testsuite> <!-- testcases.TestCaseOne -->
