<?xml version="1.0" encoding="UTF-8"?>
<!-- Generated by org.testng.reporters.JUnitReportReporter -->
<testsuite hostname="Jesuwin" failures="0" tests="7" name="testcases.TestCaseOne" time="35.867" errors="0" timestamp="16 Apr 2020 02:16:10 GMT" skipped="0">
  <testcase classname="testcases.TestCaseOne" name="directoryPageTest" time="2.412"/>
  <testcase classname="testcases.TestCaseOne" name="DashBoardTest" time="2.890"/>
  <testcase classname="testcases.TestCaseOne" name="assignPageTest" time="9.117"/>
  <testcase classname="testcases.TestCaseOne" name="maintenancePageTest" time="2.779"/>
  <testcase classname="testcases.TestCaseOne" name="PimPageTest" time="8.065"/>
  <testcase classname="testcases.TestCaseOne" name="newEmployeeTest" time="3.326"/>
  <testcase classname="testcases.TestCaseOne" name="loginPageTest" time="7.278"/>
</testsuite> <!-- testcases.TestCaseOne -->
