<?xml version="1.0" encoding="UTF-8"?>
<!-- Generated by org.testng.reporters.JUnitReportReporter -->
<testsuite hostname="Jesuwin" failures="0" tests="5" name="testcases.test1" time="23.210" errors="0" timestamp="14 Apr 2020 21:15:42 GMT" skipped="0">
  <testcase classname="testcases.test1" name="DashBoardTest" time="2.414"/>
  <testcase classname="testcases.test1" name="PimPageTest" time="3.008"/>
  <testcase classname="testcases.test1" name="newEmployeeTest" time="2.322"/>
  <testcase classname="testcases.test1" name="loginPageTest" time="10.313"/>
  <testcase classname="testcases.test1" name="assignPageTest" time="5.153"/>
</testsuite> <!-- testcases.test1 -->
