<?xml version="1.0" encoding="UTF-8"?>
<!-- Generated by org.testng.reporters.JUnitReportReporter -->
<testsuite hostname="Jesuwin" failures="0" tests="5" name="testcases.test1" time="24.411" errors="0" timestamp="15 Apr 2020 01:39:20 GMT" skipped="0">
  <testcase classname="testcases.test1" name="assignPageTest" time="5.338"/>
  <testcase classname="testcases.test1" name="loginPageTest" time="7.144"/>
  <testcase classname="testcases.test1" name="PimPageTest" time="3.554"/>
  <testcase classname="testcases.test1" name="DashBoardTest" time="2.636"/>
  <testcase classname="testcases.test1" name="newEmployeeTest" time="5.739"/>
</testsuite> <!-- testcases.test1 -->
