<?xml version="1.0" encoding="UTF-8"?>
<!-- Generated by org.testng.reporters.JUnitReportReporter -->
<testsuite hostname="Jesuwin" failures="0" tests="1" name="testcases.test1" time="7.550" errors="0" timestamp="09 Apr 2020 22:42:51 GMT" skipped="0">
  <testcase classname="testcases.test1" name="loginTest" time="7.550"/>
</testsuite> <!-- testcases.test1 -->
