<?xml version="1.0" encoding="UTF-8"?>
<!-- Generated by org.testng.reporters.JUnitReportReporter -->
<testsuite hostname="Jesuwin" failures="0" tests="1" name="testcases.test1" time="7.047" errors="0" timestamp="09 Apr 2020 20:21:27 GMT" skipped="0">
  <testcase classname="testcases.test1" name="f" time="7.047"/>
</testsuite> <!-- testcases.test1 -->
