<?xml version="1.0" encoding="UTF-8"?>
<!-- Generated by org.testng.reporters.JUnitReportReporter -->
<testsuite hostname="Jesuwin" failures="0" tests="2" name="testcases.test2" time="8.793" errors="0" timestamp="15 Apr 2020 01:39:20 GMT" skipped="0">
  <testcase classname="testcases.test2" name="EportalLoginPageTest" time="8.748"/>
  <testcase classname="testcases.test2" name="navigateToSakthi" time="0.045"/>
</testsuite> <!-- testcases.test2 -->
