<?xml version="1.0" encoding="UTF-8"?>
<!-- Generated by org.testng.reporters.JUnitReportReporter -->
<testsuite hostname="Jesuwin" failures="0" tests="3" name="testcases.test2" time="0.004" errors="1" timestamp="14 Apr 2020 21:13:56 GMT" skipped="2">
  <testcase classname="testcases.test2" name="EportalLoginPageTest" time="0.000">
    <skipped/>
  </testcase> <!-- EportalLoginPageTest -->
  <testcase classname="testcases.test2" name="setup" time="0.004">
    <error message="Unresolved compilation problem: 
	Cannot make a static reference to the non-static method getInstance() from the type WebDriverFactory
" type="java.lang.Error">
      <![CDATA[java.lang.Error: Unresolved compilation problem: 
Cannot make a static reference to the non-static method getInstance() from the type WebDriverFactory

at base.BasePage.<init>(BasePage.java:32)
at pages.EportalLoginPage.<init>(EportalLoginPage.java:13)
at testcases.test2.setup(test2.java:26)
at java.base/jdk.internal.reflect.NativeMethodAccessorImpl.invoke0(Native Method)
at java.base/jdk.internal.reflect.NativeMethodAccessorImpl.invoke(NativeMethodAccessorImpl.java:62)
at java.base/jdk.internal.reflect.DelegatingMethodAccessorImpl.invoke(DelegatingMethodAccessorImpl.java:43)
at java.base/java.lang.reflect.Method.invoke(Method.java:567)
at org.testng.internal.MethodInvocationHelper.invokeMethod(MethodInvocationHelper.java:124)
at org.testng.internal.MethodInvocationHelper.invokeMethodConsideringTimeout(MethodInvocationHelper.java:59)
at org.testng.internal.Invoker.invokeConfigurationMethod(Invoker.java:458)
at org.testng.internal.Invoker.invokeConfigurations(Invoker.java:222)
at org.testng.internal.Invoker.invokeMethod(Invoker.java:523)
at org.testng.internal.Invoker.invokeTestMethod(Invoker.java:719)
at org.testng.internal.Invoker.invokeTestMethods(Invoker.java:989)
at org.testng.internal.TestMethodWorker.invokeTestMethods(TestMethodWorker.java:125)
at org.testng.internal.TestMethodWorker.run(TestMethodWorker.java:109)
at java.base/java.util.concurrent.ThreadPoolExecutor.runWorker(ThreadPoolExecutor.java:1128)
at java.base/java.util.concurrent.ThreadPoolExecutor$Worker.run(ThreadPoolExecutor.java:628)
at java.base/java.lang.Thread.run(Thread.java:835)
]]>
    </error>
  </testcase> <!-- setup -->
  <testcase classname="testcases.test2" name="navigateToSakthi" time="0.000">
    <skipped/>
  </testcase> <!-- navigateToSakthi -->
</testsuite> <!-- testcases.test2 -->
