<?xml version="1.0" encoding="UTF-8"?>
<!-- Generated by org.testng.reporters.JUnitReportReporter -->
<testsuite hostname="Jesuwin" failures="0" tests="5" name="testcases.test1" time="22.815" errors="0" timestamp="15 Apr 2020 05:34:42 GMT" skipped="0">
  <testcase classname="testcases.test1" name="assignPageTest" time="5.102"/>
  <testcase classname="testcases.test1" name="newEmployeeTest" time="2.244"/>
  <testcase classname="testcases.test1" name="PimPageTest" time="6.175"/>
  <testcase classname="testcases.test1" name="DashBoardTest" time="2.499"/>
  <testcase classname="testcases.test1" name="loginPageTest" time="6.795"/>
</testsuite> <!-- testcases.test1 -->
