<?xml version="1.0" encoding="UTF-8"?>
<!-- Generated by org.testng.reporters.JUnitReportReporter -->
<testsuite hostname="Jesuwin" failures="0" tests="5" name="testcases.TestCaseOne" time="34.341" errors="0" timestamp="15 Apr 2020 10:48:53 GMT" skipped="0">
  <testcase classname="testcases.TestCaseOne" name="assignPageTest" time="10.277"/>
  <testcase classname="testcases.TestCaseOne" name="newEmployeeTest" time="3.956"/>
  <testcase classname="testcases.TestCaseOne" name="DashBoardTest" time="3.596"/>
  <testcase classname="testcases.TestCaseOne" name="loginPageTest" time="11.634"/>
  <testcase classname="testcases.TestCaseOne" name="PimPageTest" time="4.878"/>
</testsuite> <!-- testcases.TestCaseOne -->
