<?xml version="1.0" encoding="UTF-8"?>
<!-- Generated by org.testng.reporters.JUnitReportReporter -->
<testsuite hostname="Jesuwin" failures="0" tests="13" name="testcases.TestCaseOne" time="56.641" errors="0" timestamp="17 Apr 2020 08:02:37 GMT" skipped="0">
  <testcase classname="testcases.TestCaseOne" name="loginPageTest" time="9.446"/>
  <testcase classname="testcases.TestCaseOne" name="assignPageTest" time="12.447"/>
  <testcase classname="testcases.TestCaseOne" name="directoryPageTest" time="3.302"/>
  <testcase classname="testcases.TestCaseOne" name="navigateToTimeSheetPage" time="3.395"/>
  <testcase classname="testcases.TestCaseOne" name="DashBoardTest" time="1.824"/>
  <testcase classname="testcases.TestCaseOne" name="navigateToLeaveReportsPage" time="1.403"/>
  <testcase classname="testcases.TestCaseOne" name="newEmployeeTest" time="8.075"/>
  <testcase classname="testcases.TestCaseOne" name="goToPurgeRecords" time="1.312"/>
  <testcase classname="testcases.TestCaseOne" name="leaveReportPageTest" time="4.427"/>
  <testcase classname="testcases.TestCaseOne" name="maintenancePageTest" time="2.451"/>
  <testcase classname="testcases.TestCaseOne" name="getTimeSheetForEmp" time="3.862"/>
  <testcase classname="testcases.TestCaseOne" name="PimPageTest" time="3.217"/>
  <testcase classname="testcases.TestCaseOne" name="goToPIMModule" time="1.480"/>
</testsuite> <!-- testcases.TestCaseOne -->
