<?xml version="1.0" encoding="UTF-8"?>
<!-- Generated by org.testng.reporters.JUnitReportReporter -->
<testsuite hostname="Jesuwin" failures="0" tests="2" name="testcases.TestCaseTwo" time="8.368" errors="0" timestamp="15 Apr 2020 06:36:44 GMT" skipped="0">
  <testcase classname="testcases.TestCaseTwo" name="navigateToSakthi" time="3.524"/>
  <testcase classname="testcases.TestCaseTwo" name="EportalLoginPageTest" time="4.844"/>
</testsuite> <!-- testcases.TestCaseTwo -->
