<?xml version="1.0" encoding="UTF-8"?>
<!-- Generated by org.testng.reporters.JUnitReportReporter -->
<testsuite hostname="Jesuwin" failures="0" tests="5" name="testcases.test1" time="24.630" errors="0" timestamp="14 Apr 2020 00:56:25 GMT" skipped="0">
  <testcase classname="testcases.test1" name="loginPageTest" time="6.896"/>
  <testcase classname="testcases.test1" name="PimPageTest" time="2.976"/>
  <testcase classname="testcases.test1" name="DashBoardTest" time="2.395"/>
  <testcase classname="testcases.test1" name="newEmployeeTest" time="2.345"/>
  <testcase classname="testcases.test1" name="assignPageTest" time="10.018"/>
</testsuite> <!-- testcases.test1 -->
