<?xml version="1.0" encoding="UTF-8"?>
<!-- Generated by org.testng.reporters.JUnitReportReporter -->
<testsuite hostname="Jesuwin" failures="0" tests="7" name="testcases.TestCaseOne" time="35.524" errors="0" timestamp="16 Apr 2020 10:48:03 GMT" skipped="0">
  <testcase classname="testcases.TestCaseOne" name="DashBoardTest" time="6.188"/>
  <testcase classname="testcases.TestCaseOne" name="PimPageTest" time="4.411"/>
  <testcase classname="testcases.TestCaseOne" name="directoryPageTest" time="2.248"/>
  <testcase classname="testcases.TestCaseOne" name="newEmployeeTest" time="3.306"/>
  <testcase classname="testcases.TestCaseOne" name="loginPageTest" time="7.043"/>
  <testcase classname="testcases.TestCaseOne" name="assignPageTest" time="9.072"/>
  <testcase classname="testcases.TestCaseOne" name="maintenancePageTest" time="3.256"/>
</testsuite> <!-- testcases.TestCaseOne -->
