<?xml version="1.0" encoding="UTF-8"?>
<!-- Generated by org.testng.reporters.JUnitReportReporter -->
<testsuite hostname="Jesuwin" failures="0" tests="2" name="testcases.test2" time="7.928" errors="0" timestamp="15 Apr 2020 05:34:42 GMT" skipped="0">
  <testcase classname="testcases.test2" name="EportalLoginPageTest" time="4.458"/>
  <testcase classname="testcases.test2" name="navigateToSakthi" time="3.470"/>
</testsuite> <!-- testcases.test2 -->
