<?xml version="1.0" encoding="UTF-8"?>
<!-- Generated by org.testng.reporters.JUnitReportReporter -->
<testsuite hostname="Jesuwin" failures="0" tests="2" name="testcases.TestCaseTwo" time="10.550" errors="0" timestamp="15 Apr 2020 10:48:53 GMT" skipped="0">
  <testcase classname="testcases.TestCaseTwo" name="navigateToSakthi" time="4.220"/>
  <testcase classname="testcases.TestCaseTwo" name="EportalLoginPageTest" time="6.330"/>
</testsuite> <!-- testcases.TestCaseTwo -->
