<?xml version="1.0" encoding="UTF-8"?>
<!-- Generated by org.testng.reporters.JUnitReportReporter -->
<testsuite hostname="Jesuwin" failures="0" tests="2" name="testcases.TestCaseTwo" time="12.976" errors="0" timestamp="17 Apr 2020 04:55:59 GMT" skipped="0">
  <testcase classname="testcases.TestCaseTwo" name="EportalLoginPageTest" time="7.803"/>
  <testcase classname="testcases.TestCaseTwo" name="navigateToSakthi" time="5.173"/>
</testsuite> <!-- testcases.TestCaseTwo -->
