<?xml version="1.0" encoding="UTF-8"?>
<!-- Generated by org.testng.reporters.JUnitReportReporter -->
<testsuite hostname="Jesuwin" failures="0" tests="5" name="testcases.TestCaseOne" time="34.486" errors="0" timestamp="15 Apr 2020 06:58:01 GMT" skipped="0">
  <testcase classname="testcases.TestCaseOne" name="loginPageTest" time="7.746"/>
  <testcase classname="testcases.TestCaseOne" name="newEmployeeTest" time="4.562"/>
  <testcase classname="testcases.TestCaseOne" name="DashBoardTest" time="6.060"/>
  <testcase classname="testcases.TestCaseOne" name="assignPageTest" time="10.607"/>
  <testcase classname="testcases.TestCaseOne" name="PimPageTest" time="5.511"/>
</testsuite> <!-- testcases.TestCaseOne -->
