<?xml version="1.0" encoding="UTF-8"?>
<!-- Generated by org.testng.reporters.JUnitReportReporter -->
<testsuite hostname="Jesuwin" failures="0" tests="2" name="testcases.TestCaseTwo" time="12.526" errors="0" timestamp="17 Apr 2020 05:19:12 GMT" skipped="0">
  <testcase classname="testcases.TestCaseTwo" name="navigateToSakthi" time="1.247"/>
  <testcase classname="testcases.TestCaseTwo" name="EportalLoginPageTest" time="11.279"/>
</testsuite> <!-- testcases.TestCaseTwo -->
