<?xml version="1.0" encoding="UTF-8"?>
<!-- Generated by org.testng.reporters.JUnitReportReporter -->
<testsuite hostname="Jesuwin" failures="0" tests="5" name="testcases.TestCaseOne" time="23.259" errors="0" timestamp="15 Apr 2020 06:36:44 GMT" skipped="0">
  <testcase classname="testcases.TestCaseOne" name="newEmployeeTest" time="2.298"/>
  <testcase classname="testcases.TestCaseOne" name="assignPageTest" time="8.519"/>
  <testcase classname="testcases.TestCaseOne" name="loginPageTest" time="6.837"/>
  <testcase classname="testcases.TestCaseOne" name="PimPageTest" time="2.938"/>
  <testcase classname="testcases.TestCaseOne" name="DashBoardTest" time="2.667"/>
</testsuite> <!-- testcases.TestCaseOne -->
