<?xml version="1.0" encoding="UTF-8"?>
<!-- Generated by org.testng.reporters.JUnitReportReporter -->
<testsuite hostname="Jesuwin" failures="0" tests="14" name="testcases.TestCaseOne" time="58.946" errors="0" timestamp="17 Apr 2020 10:34:12 GMT" skipped="0">
  <testcase classname="testcases.TestCaseOne" name="maintenancePageTest" time="3.178"/>
  <testcase classname="testcases.TestCaseOne" name="leaveReportPageTest" time="4.783"/>
  <testcase classname="testcases.TestCaseOne" name="DashBoardTest" time="2.790"/>
  <testcase classname="testcases.TestCaseOne" name="loginPageTest" time="7.654"/>
  <testcase classname="testcases.TestCaseOne" name="goToPIMModule" time="1.423"/>
  <testcase classname="testcases.TestCaseOne" name="getTimeSheetForEmp" time="3.638"/>
  <testcase classname="testcases.TestCaseOne" name="assignPageTest" time="11.939"/>
  <testcase classname="testcases.TestCaseOne" name="LogOut" time="3.204"/>
  <testcase classname="testcases.TestCaseOne" name="goToPurgeRecords" time="1.322"/>
  <testcase classname="testcases.TestCaseOne" name="navigateToTimeSheetPage" time="3.451"/>
  <testcase classname="testcases.TestCaseOne" name="newEmployeeTest" time="4.283"/>
  <testcase classname="testcases.TestCaseOne" name="directoryPageTest" time="3.076"/>
  <testcase classname="testcases.TestCaseOne" name="PimPageTest" time="3.392"/>
  <testcase classname="testcases.TestCaseOne" name="navigateToLeaveReportsPage" time="4.813"/>
</testsuite> <!-- testcases.TestCaseOne -->
