<?xml version="1.0" encoding="UTF-8"?>
<!-- Generated by org.testng.reporters.JUnitReportReporter -->
<testsuite hostname="Jesuwin" failures="0" tests="13" name="testcases.TestCaseOne" time="48.255" errors="0" timestamp="17 Apr 2020 04:55:59 GMT" skipped="0">
  <testcase classname="testcases.TestCaseOne" name="assignPageTest" time="11.242"/>
  <testcase classname="testcases.TestCaseOne" name="leaveReportPageTest" time="4.712"/>
  <testcase classname="testcases.TestCaseOne" name="getTimeSheetForEmp" time="0.216"/>
  <testcase classname="testcases.TestCaseOne" name="loginPageTest" time="10.821"/>
  <testcase classname="testcases.TestCaseOne" name="newEmployeeTest" time="5.096"/>
  <testcase classname="testcases.TestCaseOne" name="navigateToLeaveReportsPage" time="0.950"/>
  <testcase classname="testcases.TestCaseOne" name="goToPurgeRecords" time="1.007"/>
  <testcase classname="testcases.TestCaseOne" name="PimPageTest" time="3.460"/>
  <testcase classname="testcases.TestCaseOne" name="goToPIMModule" time="1.171"/>
  <testcase classname="testcases.TestCaseOne" name="directoryPageTest" time="2.591"/>
  <testcase classname="testcases.TestCaseOne" name="maintenancePageTest" time="2.467"/>
  <testcase classname="testcases.TestCaseOne" name="DashBoardTest" time="1.373"/>
  <testcase classname="testcases.TestCaseOne" name="navigateToTimeSheetPage" time="3.149"/>
</testsuite> <!-- testcases.TestCaseOne -->
